INFO 2025-11-24 01:13:25,620 autoreload 88456 8532287680 Watching for file changes with StatReloader
INFO 2025-11-24 01:13:39,500 basehttp 88456 6127284224 "GET /admin/login/ HTTP/1.1" 200 4197
ERROR 2025-11-24 01:27:11,585 log 88456 6127284224 Internal Server Error: /
Traceback (most recent call last):
  File "/Users/anthonycho/Documents/GitHub/carebridge-ai/venv/lib/python3.14/site-packages/django/core/handlers/exception.py", line 55, in inner
    response = get_response(request)
  File "/Users/anthonycho/Documents/GitHub/carebridge-ai/venv/lib/python3.14/site-packages/django/core/handlers/base.py", line 220, in _get_response
    response = response.render()
  File "/Users/anthonycho/Documents/GitHub/carebridge-ai/venv/lib/python3.14/site-packages/django/template/response.py", line 114, in render
    self.content = self.rendered_content
                   ^^^^^^^^^^^^^^^^^^^^^
  File "/Users/anthonycho/Documents/GitHub/carebridge-ai/venv/lib/python3.14/site-packages/django/template/response.py", line 90, in rendered_content
    template = self.resolve_template(self.template_name)
  File "/Users/anthonycho/Documents/GitHub/carebridge-ai/venv/lib/python3.14/site-packages/django/template/response.py", line 72, in resolve_template
    return select_template(template, using=self.using)
  File "/Users/anthonycho/Documents/GitHub/carebridge-ai/venv/lib/python3.14/site-packages/django/template/loader.py", line 47, in select_template
    raise TemplateDoesNotExist(", ".join(template_name_list), chain=chain)
django.template.exceptions.TemplateDoesNotExist: index.html
ERROR 2025-11-24 01:27:11,589 basehttp 88456 6127284224 "GET / HTTP/1.1" 500 83465
ERROR 2025-11-24 01:27:11,772 log 88456 6127284224 Internal Server Error: /favicon.ico
Traceback (most recent call last):
  File "/Users/anthonycho/Documents/GitHub/carebridge-ai/venv/lib/python3.14/site-packages/django/core/handlers/exception.py", line 55, in inner
    response = get_response(request)
  File "/Users/anthonycho/Documents/GitHub/carebridge-ai/venv/lib/python3.14/site-packages/django/core/handlers/base.py", line 220, in _get_response
    response = response.render()
  File "/Users/anthonycho/Documents/GitHub/carebridge-ai/venv/lib/python3.14/site-packages/django/template/response.py", line 114, in render
    self.content = self.rendered_content
                   ^^^^^^^^^^^^^^^^^^^^^
  File "/Users/anthonycho/Documents/GitHub/carebridge-ai/venv/lib/python3.14/site-packages/django/template/response.py", line 90, in rendered_content
    template = self.resolve_template(self.template_name)
  File "/Users/anthonycho/Documents/GitHub/carebridge-ai/venv/lib/python3.14/site-packages/django/template/response.py", line 72, in resolve_template
    return select_template(template, using=self.using)
  File "/Users/anthonycho/Documents/GitHub/carebridge-ai/venv/lib/python3.14/site-packages/django/template/loader.py", line 47, in select_template
    raise TemplateDoesNotExist(", ".join(template_name_list), chain=chain)
django.template.exceptions.TemplateDoesNotExist: index.html
ERROR 2025-11-24 01:27:11,773 basehttp 88456 6127284224 "GET /favicon.ico HTTP/1.1" 500 83368
